<?xml version="1.0" encoding="UTF-8"?>
<testsuite name="com.speedOMeter.speedOMeter.ExampleUnitTest" tests="1" skipped="0" failures="0" errors="0" timestamp="2017-08-31T07:46:06" hostname="Patrick" time="0.002">
  <properties/>
  <testcase name="addition_isCorrect" classname="com.speedOMeter.speedOMeter.ExampleUnitTest" time="0.002"/>
  <system-out><![CDATA[]]></system-out>
  <system-err><![CDATA[]]></system-err>
</testsuite>
