<?xml version="1.0" encoding="UTF-8"?>
<testsuite name="com.speedOMeter.speedOMeter.ExampleUnitTest" tests="1" skipped="0" failures="0" errors="0" timestamp="2017-09-02T10:40:53" hostname="patrick" time="0.0">
  <properties/>
  <testcase name="addition_isCorrect" classname="com.speedOMeter.speedOMeter.ExampleUnitTest" time="0.0"/>
  <system-out><![CDATA[]]></system-out>
  <system-err><![CDATA[]]></system-err>
</testsuite>
